0 info it worked if it ends with ok
1 verbose cli [ '/usr/local/bin/node',
1 verbose cli   '/usr/local/bin/npm',
1 verbose cli   'install',
1 verbose cli   'node-image' ]
2 info using npm@1.2.18
3 info using node@v0.10.5
4 verbose read json /home/demon/projects/anymeme/package.json
5 warn package.json anymeme@0.0.2-2 No README.md file found!
6 verbose read json /home/demon/projects/anymeme/node_modules/MD5/package.json
7 verbose read json /home/demon/projects/anymeme/node_modules/async/package.json
8 verbose read json /home/demon/projects/anymeme/node_modules/connect-mongo/package.json
9 verbose read json /home/demon/projects/anymeme/node_modules/express/package.json
10 verbose read json /home/demon/projects/anymeme/node_modules/fb/package.json
11 verbose read json /home/demon/projects/anymeme/node_modules/gm/package.json
12 verbose read json /home/demon/projects/anymeme/node_modules/hash_file/package.json
13 verbose read json /home/demon/projects/anymeme/node_modules/jade/package.json
14 verbose read json /home/demon/projects/anymeme/node_modules/jade-browser/package.json
15 verbose read json /home/demon/projects/anymeme/node_modules/moment/package.json
16 verbose read json /home/demon/projects/anymeme/node_modules/mongoose/package.json
17 verbose read json /home/demon/projects/anymeme/node_modules/optimist/package.json
18 verbose read json /home/demon/projects/anymeme/node_modules/passport/package.json
19 verbose read json /home/demon/projects/anymeme/node_modules/passport-facebook/package.json
20 verbose read json /home/demon/projects/anymeme/node_modules/passport-local/package.json
21 verbose read json /home/demon/projects/anymeme/node_modules/pkgcloud/package.json
22 verbose read json /home/demon/projects/anymeme/node_modules/racker/package.json
23 verbose read json /home/demon/projects/anymeme/node_modules/socket.io/package.json
24 verbose read json /home/demon/projects/anymeme/node_modules/stylus/package.json
25 verbose read json /home/demon/projects/anymeme/node_modules/underscore/package.json
26 verbose from cache /home/demon/projects/anymeme/package.json
27 verbose readDependencies using package.json deps
28 verbose cache add [ 'node-image', null ]
29 verbose cache add name=undefined spec="node-image" args=["node-image",null]
30 verbose parsed url { protocol: null,
30 verbose parsed url   slashes: null,
30 verbose parsed url   auth: null,
30 verbose parsed url   host: null,
30 verbose parsed url   port: null,
30 verbose parsed url   hostname: null,
30 verbose parsed url   hash: null,
30 verbose parsed url   search: null,
30 verbose parsed url   query: null,
30 verbose parsed url   pathname: 'node-image',
30 verbose parsed url   path: 'node-image',
30 verbose parsed url   href: 'node-image' }
31 silly lockFile 126b297a-node-image node-image
32 verbose lock node-image /home/demon/.npm/126b297a-node-image.lock
33 silly lockFile 126b297a-node-image node-image
34 silly lockFile 126b297a-node-image node-image
35 verbose addNamed [ 'node-image', '' ]
36 verbose addNamed [ null, '' ]
37 silly lockFile 0123f4a6-node-image node-image@
38 verbose lock node-image@ /home/demon/.npm/0123f4a6-node-image.lock
39 silly addNameRange { name: 'node-image', range: '', hasData: false }
40 verbose url raw node-image
41 verbose url resolving [ 'https://registry.npmjs.org/', './node-image' ]
42 verbose url resolved https://registry.npmjs.org/node-image
43 info trying registry request attempt 1 at 19:31:04
44 http GET https://registry.npmjs.org/node-image
45 http 200 https://registry.npmjs.org/node-image
46 silly registry.get cb [ 200,
46 silly registry.get   { vary: 'Accept',
46 silly registry.get     server: 'CouchDB/1.3.0 (Erlang OTP/R15B03)',
46 silly registry.get     etag: '"DN3PECQIYYS1ZF2LQE0I19ORG"',
46 silly registry.get     date: 'Mon, 20 May 2013 14:31:09 GMT',
46 silly registry.get     'content-type': 'application/json',
46 silly registry.get     'content-length': '1940' } ]
47 silly addNameRange number 2 { name: 'node-image', range: '', hasData: true }
48 silly addNameRange versions [ 'node-image', [ '0.5.0' ] ]
49 verbose addNamed [ 'node-image', '0.5.0' ]
50 verbose addNamed [ '0.5.0', '0.5.0' ]
51 silly lockFile 2dd350c2-node-image-0-5-0 node-image@0.5.0
52 verbose lock node-image@0.5.0 /home/demon/.npm/2dd350c2-node-image-0-5-0.lock
53 silly lockFile 5fef9206--node-image-node-image-0-5-0-tgz https://registry.npmjs.org/node-image/-/node-image-0.5.0.tgz
54 verbose lock https://registry.npmjs.org/node-image/-/node-image-0.5.0.tgz /home/demon/.npm/5fef9206--node-image-node-image-0-5-0-tgz.lock
55 verbose addRemoteTarball [ 'https://registry.npmjs.org/node-image/-/node-image-0.5.0.tgz',
55 verbose addRemoteTarball   'a6ba2be31835d01a7176e17012c44b29314fe244' ]
56 info retry fetch attempt 1 at 19:31:09
57 verbose fetch to= /home/demon/tmp/npm-3786/1369060269596-0.681837773649022/tmp.tgz
58 http GET https://registry.npmjs.org/node-image/-/node-image-0.5.0.tgz
59 http 200 https://registry.npmjs.org/node-image/-/node-image-0.5.0.tgz
60 silly shasum updated bytes 65536
61 silly shasum updated bytes 65536
62 silly shasum updated bytes 65536
63 silly shasum updated bytes 65536
64 silly shasum updated bytes 65536
65 silly shasum updated bytes 65536
66 silly shasum updated bytes 65536
67 silly shasum updated bytes 65536
68 silly shasum updated bytes 65536
69 silly shasum updated bytes 65536
70 silly shasum updated bytes 65536
71 silly shasum updated bytes 65536
72 silly shasum updated bytes 65536
73 silly shasum updated bytes 65536
74 silly shasum updated bytes 65536
75 silly shasum updated bytes 65536
76 silly shasum updated bytes 65536
77 silly shasum updated bytes 65536
78 silly shasum updated bytes 65536
79 silly shasum updated bytes 65536
80 silly shasum updated bytes 65536
81 silly shasum updated bytes 65536
82 silly shasum updated bytes 65536
83 silly shasum updated bytes 65536
84 silly shasum updated bytes 65536
85 silly shasum updated bytes 65536
86 silly shasum updated bytes 65536
87 silly shasum updated bytes 65536
88 silly shasum updated bytes 65536
89 silly shasum updated bytes 65536
90 silly shasum updated bytes 65536
91 silly shasum updated bytes 65536
92 silly shasum updated bytes 65536
93 silly shasum updated bytes 65536
94 silly shasum updated bytes 65536
95 silly shasum updated bytes 65536
96 silly shasum updated bytes 65536
97 silly shasum updated bytes 65536
98 silly shasum updated bytes 65536
99 silly shasum updated bytes 65536
100 silly shasum updated bytes 65536
101 silly shasum updated bytes 51300
102 info shasum a6ba2be31835d01a7176e17012c44b29314fe244
102 info shasum /home/demon/tmp/npm-3786/1369060269596-0.681837773649022/tmp.tgz
103 verbose tar unpack /home/demon/tmp/npm-3786/1369060269596-0.681837773649022/tmp.tgz
104 silly lockFile a171c5af-269596-0-681837773649022-package /home/demon/tmp/npm-3786/1369060269596-0.681837773649022/package
105 verbose lock /home/demon/tmp/npm-3786/1369060269596-0.681837773649022/package /home/demon/.npm/a171c5af-269596-0-681837773649022-package.lock
106 silly lockFile 6605b386-269596-0-681837773649022-tmp-tgz /home/demon/tmp/npm-3786/1369060269596-0.681837773649022/tmp.tgz
107 verbose lock /home/demon/tmp/npm-3786/1369060269596-0.681837773649022/tmp.tgz /home/demon/.npm/6605b386-269596-0-681837773649022-tmp-tgz.lock
108 silly gunzTarPerm modes [ '755', '644' ]
109 silly gunzTarPerm extractEntry package.json
110 silly gunzTarPerm extractEntry README.md
111 silly gunzTarPerm extractEntry out_0.png
112 silly gunzTarPerm extractEntry build/.conf_check_0/test.cpp
113 silly gunzTarPerm extractEntry build/.conf_check_0/testbuild/Release/test_1.o
114 silly gunzTarPerm extractEntry build/.conf_check_0/testbuild/Release/testprog
115 silly gunzTarPerm extractEntry build/c4che/build.config.py
116 silly gunzTarPerm extractEntry build/c4che/Release.cache.py
117 silly gunzTarPerm extractEntry build/config.log
118 silly gunzTarPerm extractEntry build/Release/image.node
119 silly gunzTarPerm extractEntry build/Release/src/bindings_1.o
120 silly gunzTarPerm extractEntry build/Release/src/FreeImage_1.o
121 silly gunzTarPerm extractEntry build/Release/src/Image_1.o
122 silly gunzTarPerm extractEntry lib/image.js
123 silly gunzTarPerm extractEntry LICENSES
124 silly gunzTarPerm extractEntry node-image.iml
125 silly gunzTarPerm extractEntry out/test/node-image/mike_scooter.jpg
126 silly gunzTarPerm extractEntry out/test/node-image/out.png
127 silly gunzTarPerm extractEntry .idea/jsLibraryMappings.xml
128 silly gunzTarPerm extractEntry .idea/.name
129 silly gunzTarPerm extractEntry .idea/compiler.xml
130 silly gunzTarPerm extractEntry .idea/copyright/profiles_settings.xml
131 silly gunzTarPerm extractEntry .idea/dictionaries/ngk437.xml
132 silly gunzTarPerm extractEntry .idea/encodings.xml
133 silly gunzTarPerm extractEntry .idea/ant.xml
134 silly gunzTarPerm extractEntry .idea/misc.xml
135 silly gunzTarPerm extractEntry .idea/modules.xml
136 silly gunzTarPerm extractEntry .idea/scopes/scope_settings.xml
137 silly gunzTarPerm extractEntry .idea/uiDesigner.xml
138 silly gunzTarPerm extractEntry .idea/vcs.xml
139 silly gunzTarPerm extractEntry .idea/workspace.xml
140 silly gunzTarPerm extractEntry out_25.jpg
141 silly gunzTarPerm extractEntry out_75.jpg
142 silly gunzTarPerm extractEntry out_9.png
143 silly gunzTarPerm extractEntry .cproject
144 silly gunzTarPerm extractEntry .project
145 silly gunzTarPerm extractEntry src/bindings.cpp
146 silly gunzTarPerm extractEntry src/common.h
147 silly gunzTarPerm extractEntry src/FreeImage.cpp
148 silly gunzTarPerm extractEntry src/FreeImage.h
149 silly gunzTarPerm extractEntry src/Image.cpp
150 silly gunzTarPerm extractEntry src/Image.h
151 silly gunzTarPerm extractEntry test/test.js
152 silly gunzTarPerm extractEntry test/test_buffer.js
153 silly gunzTarPerm extractEntry test/mike_scooter.jpg
154 silly gunzTarPerm extractEntry test/out.png
155 silly gunzTarPerm extractEntry wscript
156 verbose read json /home/demon/tmp/npm-3786/1369060269596-0.681837773649022/package/package.json
157 silly lockFile a171c5af-269596-0-681837773649022-package /home/demon/tmp/npm-3786/1369060269596-0.681837773649022/package
158 silly lockFile a171c5af-269596-0-681837773649022-package /home/demon/tmp/npm-3786/1369060269596-0.681837773649022/package
159 silly lockFile 6605b386-269596-0-681837773649022-tmp-tgz /home/demon/tmp/npm-3786/1369060269596-0.681837773649022/tmp.tgz
160 silly lockFile 6605b386-269596-0-681837773649022-tmp-tgz /home/demon/tmp/npm-3786/1369060269596-0.681837773649022/tmp.tgz
161 verbose from cache /home/demon/tmp/npm-3786/1369060269596-0.681837773649022/package/package.json
162 verbose tar pack [ '/home/demon/.npm/node-image/0.5.0/package.tgz',
162 verbose tar pack   '/home/demon/tmp/npm-3786/1369060269596-0.681837773649022/package' ]
163 verbose tarball /home/demon/.npm/node-image/0.5.0/package.tgz
164 verbose folder /home/demon/tmp/npm-3786/1369060269596-0.681837773649022/package
165 silly lockFile a171c5af-269596-0-681837773649022-package /home/demon/tmp/npm-3786/1369060269596-0.681837773649022/package
166 verbose lock /home/demon/tmp/npm-3786/1369060269596-0.681837773649022/package /home/demon/.npm/a171c5af-269596-0-681837773649022-package.lock
167 silly lockFile 1b8a45c0-npm-node-image-0-5-0-package-tgz /home/demon/.npm/node-image/0.5.0/package.tgz
168 verbose lock /home/demon/.npm/node-image/0.5.0/package.tgz /home/demon/.npm/1b8a45c0-npm-node-image-0-5-0-package-tgz.lock
169 silly lockFile a171c5af-269596-0-681837773649022-package /home/demon/tmp/npm-3786/1369060269596-0.681837773649022/package
170 silly lockFile a171c5af-269596-0-681837773649022-package /home/demon/tmp/npm-3786/1369060269596-0.681837773649022/package
171 silly lockFile 1b8a45c0-npm-node-image-0-5-0-package-tgz /home/demon/.npm/node-image/0.5.0/package.tgz
172 silly lockFile 1b8a45c0-npm-node-image-0-5-0-package-tgz /home/demon/.npm/node-image/0.5.0/package.tgz
173 silly lockFile 2f48e0b0-mon-npm-node-image-0-5-0-package /home/demon/.npm/node-image/0.5.0/package
174 verbose lock /home/demon/.npm/node-image/0.5.0/package /home/demon/.npm/2f48e0b0-mon-npm-node-image-0-5-0-package.lock
175 silly lockFile 2f48e0b0-mon-npm-node-image-0-5-0-package /home/demon/.npm/node-image/0.5.0/package
176 silly lockFile 2f48e0b0-mon-npm-node-image-0-5-0-package /home/demon/.npm/node-image/0.5.0/package
177 verbose tar unpack /home/demon/.npm/node-image/0.5.0/package.tgz
178 silly lockFile 2f48e0b0-mon-npm-node-image-0-5-0-package /home/demon/.npm/node-image/0.5.0/package
179 verbose lock /home/demon/.npm/node-image/0.5.0/package /home/demon/.npm/2f48e0b0-mon-npm-node-image-0-5-0-package.lock
180 silly lockFile 1b8a45c0-npm-node-image-0-5-0-package-tgz /home/demon/.npm/node-image/0.5.0/package.tgz
181 verbose lock /home/demon/.npm/node-image/0.5.0/package.tgz /home/demon/.npm/1b8a45c0-npm-node-image-0-5-0-package-tgz.lock
182 silly gunzTarPerm modes [ '755', '644' ]
183 silly gunzTarPerm extractEntry package.json
184 silly gunzTarPerm extractEntry README.md
185 silly gunzTarPerm extractEntry out/test/node-image/mike_scooter.jpg
186 silly gunzTarPerm extractEntry out/test/node-image/out.png
187 silly gunzTarPerm extractEntry LICENSES
188 silly gunzTarPerm extractEntry .cproject
189 silly gunzTarPerm extractEntry build/.conf_check_0/test.cpp
190 silly gunzTarPerm extractEntry build/.conf_check_0/testbuild/Release/test_1.o
191 silly gunzTarPerm extractEntry build/.conf_check_0/testbuild/Release/testprog
192 silly gunzTarPerm extractEntry build/Release/image.node
193 silly gunzTarPerm extractEntry build/Release/src/FreeImage_1.o
194 silly gunzTarPerm extractEntry build/Release/src/Image_1.o
195 silly gunzTarPerm extractEntry build/Release/src/bindings_1.o
196 silly gunzTarPerm extractEntry build/c4che/Release.cache.py
197 silly gunzTarPerm extractEntry build/c4che/build.config.py
198 silly gunzTarPerm extractEntry build/config.log
199 silly gunzTarPerm extractEntry lib/image.js
200 silly gunzTarPerm extractEntry node-image.iml
201 silly gunzTarPerm extractEntry .idea/jsLibraryMappings.xml
202 silly gunzTarPerm extractEntry .idea/.name
203 silly gunzTarPerm extractEntry .idea/compiler.xml
204 silly gunzTarPerm extractEntry .idea/copyright/profiles_settings.xml
205 silly gunzTarPerm extractEntry .idea/dictionaries/ngk437.xml
206 silly gunzTarPerm extractEntry .idea/encodings.xml
207 silly gunzTarPerm extractEntry .idea/ant.xml
208 silly gunzTarPerm extractEntry .idea/misc.xml
209 silly gunzTarPerm extractEntry .idea/modules.xml
210 silly gunzTarPerm extractEntry .idea/scopes/scope_settings.xml
211 silly gunzTarPerm extractEntry .idea/uiDesigner.xml
212 silly gunzTarPerm extractEntry .idea/vcs.xml
213 silly gunzTarPerm extractEntry .idea/workspace.xml
214 silly gunzTarPerm extractEntry out_0.png
215 silly gunzTarPerm extractEntry out_25.jpg
216 silly gunzTarPerm extractEntry out_75.jpg
217 silly gunzTarPerm extractEntry out_9.png
218 silly gunzTarPerm extractEntry .project
219 silly gunzTarPerm extractEntry src/FreeImage.cpp
220 silly gunzTarPerm extractEntry src/FreeImage.h
221 silly gunzTarPerm extractEntry src/Image.cpp
222 silly gunzTarPerm extractEntry src/Image.h
223 silly gunzTarPerm extractEntry src/bindings.cpp
224 silly gunzTarPerm extractEntry src/common.h
225 silly gunzTarPerm extractEntry test/test.js
226 silly gunzTarPerm extractEntry test/test_buffer.js
227 silly gunzTarPerm extractEntry test/mike_scooter.jpg
228 silly gunzTarPerm extractEntry test/out.png
229 silly gunzTarPerm extractEntry wscript
230 verbose read json /home/demon/.npm/node-image/0.5.0/package/package.json
231 silly lockFile 2f48e0b0-mon-npm-node-image-0-5-0-package /home/demon/.npm/node-image/0.5.0/package
232 silly lockFile 2f48e0b0-mon-npm-node-image-0-5-0-package /home/demon/.npm/node-image/0.5.0/package
233 silly lockFile 1b8a45c0-npm-node-image-0-5-0-package-tgz /home/demon/.npm/node-image/0.5.0/package.tgz
234 silly lockFile 1b8a45c0-npm-node-image-0-5-0-package-tgz /home/demon/.npm/node-image/0.5.0/package.tgz
235 silly shasum updated bytes 65536
236 silly shasum updated bytes 65536
237 silly shasum updated bytes 65536
238 silly shasum updated bytes 65536
239 silly shasum updated bytes 65536
240 silly shasum updated bytes 65536
241 silly shasum updated bytes 65536
242 silly shasum updated bytes 65536
243 silly shasum updated bytes 65536
244 silly shasum updated bytes 65536
245 silly shasum updated bytes 65536
246 silly shasum updated bytes 65536
247 silly shasum updated bytes 65536
248 silly shasum updated bytes 65536
249 silly shasum updated bytes 65536
250 silly shasum updated bytes 65536
251 silly shasum updated bytes 65536
252 silly shasum updated bytes 65536
253 silly shasum updated bytes 65536
254 silly shasum updated bytes 65536
255 silly shasum updated bytes 65536
256 silly shasum updated bytes 65536
257 silly shasum updated bytes 65536
258 silly shasum updated bytes 65536
259 silly shasum updated bytes 65536
260 silly shasum updated bytes 65536
261 silly shasum updated bytes 65536
262 silly shasum updated bytes 65536
263 silly shasum updated bytes 65536
264 silly shasum updated bytes 65536
265 silly shasum updated bytes 65536
266 silly shasum updated bytes 65536
267 silly shasum updated bytes 65536
268 silly shasum updated bytes 65536
269 silly shasum updated bytes 65536
270 silly shasum updated bytes 65536
271 silly shasum updated bytes 65536
272 silly shasum updated bytes 65536
273 silly shasum updated bytes 65536
274 silly shasum updated bytes 65536
275 silly shasum updated bytes 65536
276 silly shasum updated bytes 52394
277 info shasum da6c34b9b14656bcdf373010adbabbf1064bba58
277 info shasum /home/demon/.npm/node-image/0.5.0/package.tgz
278 verbose from cache /home/demon/.npm/node-image/0.5.0/package/package.json
279 verbose chmod /home/demon/.npm/node-image/0.5.0/package.tgz 644
280 verbose chown /home/demon/.npm/node-image/0.5.0/package.tgz [ 1000, 1000 ]
281 silly lockFile 5fef9206--node-image-node-image-0-5-0-tgz https://registry.npmjs.org/node-image/-/node-image-0.5.0.tgz
282 silly lockFile 5fef9206--node-image-node-image-0-5-0-tgz https://registry.npmjs.org/node-image/-/node-image-0.5.0.tgz
283 silly lockFile 2dd350c2-node-image-0-5-0 node-image@0.5.0
284 silly lockFile 2dd350c2-node-image-0-5-0 node-image@0.5.0
285 silly lockFile 0123f4a6-node-image node-image@
286 silly lockFile 0123f4a6-node-image node-image@
287 silly resolved [ { name: 'node-image',
287 silly resolved     version: '0.5.0',
287 silly resolved     description: 'A Node.JS wrapper around FreeImage',
287 silly resolved     main: 'lib/image.js',
287 silly resolved     author:
287 silly resolved      { name: 'Mikael Bourges-Sevenier',
287 silly resolved        email: 'mikeseven@gmail.com' },
287 silly resolved     keywords:
287 silly resolved      [ 'jpeg',
287 silly resolved        'jpg',
287 silly resolved        'png',
287 silly resolved        'gif',
287 silly resolved        'bmp',
287 silly resolved        'jng',
287 silly resolved        'pnm',
287 silly resolved        'ppm',
287 silly resolved        'tga',
287 silly resolved        'tiff',
287 silly resolved        'psd',
287 silly resolved        'xbm',
287 silly resolved        'xpm',
287 silly resolved        'j2k',
287 silly resolved        'jpeg2000',
287 silly resolved        'jp2',
287 silly resolved        'sgi',
287 silly resolved        'exr',
287 silly resolved        'hdr',
287 silly resolved        'pict',
287 silly resolved        'raw',
287 silly resolved        'ico',
287 silly resolved        'wbmp',
287 silly resolved        'image',
287 silly resolved        'picture' ],
287 silly resolved     maintainers: [ [Object] ],
287 silly resolved     licenses: [ [Object] ],
287 silly resolved     repositories: [ [Object] ],
287 silly resolved     directories: { src: 'src', lib: 'lib', test: 'test' },
287 silly resolved     engines: { node: '>=0.5.9' },
287 silly resolved     scripts: { install: 'rm -rf build; node-waf configure clean build' },
287 silly resolved     readme: 'node-image\n==========\nA wrapper around FreeImage library.\n\nReally incomplete, only for jpeg/png read/write and processing of raw pixels.\n\nRequirements\n------------\n- libfreeimage-dev, at least 3.15.0\n- node.js, at least 0.5.9\n\n\n',
287 silly resolved     readmeFilename: 'README.md',
287 silly resolved     _id: 'node-image@0.5.0',
287 silly resolved     dist: { shasum: 'da6c34b9b14656bcdf373010adbabbf1064bba58' },
287 silly resolved     _from: 'node-image@',
287 silly resolved     _resolved: 'https://registry.npmjs.org/node-image/-/node-image-0.5.0.tgz' } ]
288 info install node-image@0.5.0 into /home/demon/projects/anymeme
289 info installOne node-image@0.5.0
290 verbose from cache /home/demon/.npm/node-image/0.5.0/package/package.json
291 info /home/demon/projects/anymeme/node_modules/node-image unbuild
292 verbose read json /home/demon/projects/anymeme/node_modules/node-image/package.json
293 verbose tar unpack /home/demon/.npm/node-image/0.5.0/package.tgz
294 silly lockFile 36d25d66--anymeme-node-modules-node-image /home/demon/projects/anymeme/node_modules/node-image
295 verbose lock /home/demon/projects/anymeme/node_modules/node-image /home/demon/.npm/36d25d66--anymeme-node-modules-node-image.lock
296 silly lockFile 1b8a45c0-npm-node-image-0-5-0-package-tgz /home/demon/.npm/node-image/0.5.0/package.tgz
297 verbose lock /home/demon/.npm/node-image/0.5.0/package.tgz /home/demon/.npm/1b8a45c0-npm-node-image-0-5-0-package-tgz.lock
298 silly gunzTarPerm modes [ '755', '644' ]
299 silly gunzTarPerm extractEntry package.json
300 silly gunzTarPerm extractEntry README.md
301 silly gunzTarPerm extractEntry out/test/node-image/mike_scooter.jpg
302 silly gunzTarPerm extractEntry out/test/node-image/out.png
303 silly gunzTarPerm extractEntry LICENSES
304 silly gunzTarPerm extractEntry .cproject
305 silly gunzTarPerm extractEntry build/.conf_check_0/test.cpp
306 silly gunzTarPerm extractEntry build/.conf_check_0/testbuild/Release/test_1.o
307 silly gunzTarPerm extractEntry build/.conf_check_0/testbuild/Release/testprog
308 silly gunzTarPerm extractEntry build/Release/image.node
309 silly gunzTarPerm extractEntry build/Release/src/FreeImage_1.o
310 silly gunzTarPerm extractEntry build/Release/src/Image_1.o
311 silly gunzTarPerm extractEntry build/Release/src/bindings_1.o
312 silly gunzTarPerm extractEntry build/c4che/Release.cache.py
313 silly gunzTarPerm extractEntry build/c4che/build.config.py
314 silly gunzTarPerm extractEntry build/config.log
315 silly gunzTarPerm extractEntry lib/image.js
316 silly gunzTarPerm extractEntry node-image.iml
317 silly gunzTarPerm extractEntry .idea/jsLibraryMappings.xml
318 silly gunzTarPerm extractEntry .idea/.name
319 silly gunzTarPerm extractEntry .idea/compiler.xml
320 silly gunzTarPerm extractEntry .idea/copyright/profiles_settings.xml
321 silly gunzTarPerm extractEntry .idea/dictionaries/ngk437.xml
322 silly gunzTarPerm extractEntry .idea/encodings.xml
323 silly gunzTarPerm extractEntry .idea/ant.xml
324 silly gunzTarPerm extractEntry .idea/misc.xml
325 silly gunzTarPerm extractEntry .idea/modules.xml
326 silly gunzTarPerm extractEntry .idea/scopes/scope_settings.xml
327 silly gunzTarPerm extractEntry .idea/uiDesigner.xml
328 silly gunzTarPerm extractEntry .idea/vcs.xml
329 silly gunzTarPerm extractEntry .idea/workspace.xml
330 silly gunzTarPerm extractEntry out_0.png
331 silly gunzTarPerm extractEntry out_25.jpg
332 silly gunzTarPerm extractEntry out_75.jpg
333 silly gunzTarPerm extractEntry out_9.png
334 silly gunzTarPerm extractEntry .project
335 silly gunzTarPerm extractEntry src/FreeImage.cpp
336 silly gunzTarPerm extractEntry src/FreeImage.h
337 silly gunzTarPerm extractEntry src/Image.cpp
338 silly gunzTarPerm extractEntry src/Image.h
339 silly gunzTarPerm extractEntry src/bindings.cpp
340 silly gunzTarPerm extractEntry src/common.h
341 silly gunzTarPerm extractEntry test/test.js
342 silly gunzTarPerm extractEntry test/test_buffer.js
343 silly gunzTarPerm extractEntry test/mike_scooter.jpg
344 silly gunzTarPerm extractEntry test/out.png
345 silly gunzTarPerm extractEntry wscript
346 verbose read json /home/demon/projects/anymeme/node_modules/node-image/package.json
347 silly lockFile 36d25d66--anymeme-node-modules-node-image /home/demon/projects/anymeme/node_modules/node-image
348 silly lockFile 36d25d66--anymeme-node-modules-node-image /home/demon/projects/anymeme/node_modules/node-image
349 silly lockFile 1b8a45c0-npm-node-image-0-5-0-package-tgz /home/demon/.npm/node-image/0.5.0/package.tgz
350 silly lockFile 1b8a45c0-npm-node-image-0-5-0-package-tgz /home/demon/.npm/node-image/0.5.0/package.tgz
351 info preinstall node-image@0.5.0
352 verbose from cache /home/demon/projects/anymeme/node_modules/node-image/package.json
353 verbose readDependencies using package.json deps
354 verbose from cache /home/demon/projects/anymeme/node_modules/node-image/package.json
355 verbose readDependencies using package.json deps
356 silly resolved []
357 verbose about to build /home/demon/projects/anymeme/node_modules/node-image
358 info build /home/demon/projects/anymeme/node_modules/node-image
359 verbose from cache /home/demon/projects/anymeme/node_modules/node-image/package.json
360 verbose linkStuff [ false,
360 verbose linkStuff   false,
360 verbose linkStuff   false,
360 verbose linkStuff   '/home/demon/projects/anymeme/node_modules' ]
361 info linkStuff node-image@0.5.0
362 verbose linkBins node-image@0.5.0
363 verbose linkMans node-image@0.5.0
364 verbose rebuildBundles node-image@0.5.0
365 info install node-image@0.5.0
366 verbose unsafe-perm in lifecycle true
367 silly exec sh "-c" "rm -rf build; node-waf configure clean build"
368 silly sh,-c,rm -rf build; node-waf configure clean build,/home/demon/projects/anymeme/node_modules/node-image spawning
369 info node-image@0.5.0 Failed to exec install script
370 info /home/demon/projects/anymeme/node_modules/node-image unbuild
371 verbose from cache /home/demon/projects/anymeme/node_modules/node-image/package.json
372 info preuninstall node-image@0.5.0
373 info uninstall node-image@0.5.0
374 verbose true,/home/demon/projects/anymeme/node_modules,/home/demon/projects/anymeme/node_modules unbuild node-image@0.5.0
375 info postuninstall node-image@0.5.0
376 error node-image@0.5.0 install: `rm -rf build; node-waf configure clean build`
376 error `sh "-c" "rm -rf build; node-waf configure clean build"` failed with 127
377 error Failed at the node-image@0.5.0 install script.
377 error This is most likely a problem with the node-image package,
377 error not with npm itself.
377 error Tell the author that this fails on your system:
377 error     rm -rf build; node-waf configure clean build
377 error You can get their info via:
377 error     npm owner ls node-image
377 error There is likely additional logging output above.
378 error System Linux 3.8.0-19-generic
379 error command "/usr/local/bin/node" "/usr/local/bin/npm" "install" "node-image"
380 error cwd /home/demon/projects/anymeme
381 error node -v v0.10.5
382 error npm -v 1.2.18
383 error code ELIFECYCLE
384 verbose exit [ 1, true ]
